[debug] [2022-12-04T22:33:37.829Z] ----------------------------------------------------------------------
[debug] [2022-12-04T22:33:37.831Z] Command:       /usr/local/bin/node /usr/local/bin/firebase init
[debug] [2022-12-04T22:33:37.832Z] CLI Version:   11.16.1
[debug] [2022-12-04T22:33:37.832Z] Platform:      linux
[debug] [2022-12-04T22:33:37.832Z] Node Version:  v16.17.0
[debug] [2022-12-04T22:33:37.833Z] Time:          Mon Dec 05 2022 04:33:37 GMT+0600 (Bangladesh Standard Time)
[debug] [2022-12-04T22:33:37.833Z] ----------------------------------------------------------------------
[debug] 
[debug] [2022-12-04T22:33:37.840Z] > command requires scopes: ["email","openid","https://www.googleapis.com/auth/cloudplatformprojects.readonly","https://www.googleapis.com/auth/firebase","https://www.googleapis.com/auth/cloud-platform"]
[debug] [2022-12-04T22:33:37.840Z] > authorizing via signed-in user (karim.sazed@gmail.com)
[info] 
     ######## #### ########  ######## ########     ###     ######  ########
     ##        ##  ##     ## ##       ##     ##  ##   ##  ##       ##
     ######    ##  ########  ######   ########  #########  ######  ######
     ##        ##  ##    ##  ##       ##     ## ##     ##       ## ##
     ##       #### ##     ## ######## ########  ##     ##  ######  ########

You're about to initialize a Firebase project in this directory:

  /home/sazed/webDevelopment/todo-app-nextjs

[info] 
=== Project Setup
[info] 
[info] First, let's associate this project directory with a Firebase project.
[info] You can create multiple project aliases by running firebase use --add, 
[info] but for now we'll just set up a default project.
[info] 
[debug] [2022-12-04T22:33:52.382Z] > refreshing access token with scopes: []
[debug] [2022-12-04T22:33:52.390Z] >>> [apiv2][query] POST https://www.googleapis.com/oauth2/v3/token [none]
[debug] [2022-12-04T22:33:52.391Z] >>> [apiv2][body] POST https://www.googleapis.com/oauth2/v3/token [omitted]
[debug] [2022-12-04T22:33:52.832Z] <<< [apiv2][status] POST https://www.googleapis.com/oauth2/v3/token 200
[debug] [2022-12-04T22:33:52.832Z] <<< [apiv2][body] POST https://www.googleapis.com/oauth2/v3/token [omitted]
[debug] [2022-12-04T22:33:52.945Z] >>> [apiv2][query] GET https://firebase.googleapis.com/v1beta1/projects pageSize=100
[debug] [2022-12-04T22:33:54.090Z] <<< [apiv2][status] GET https://firebase.googleapis.com/v1beta1/projects 200
[debug] [2022-12-04T22:33:54.091Z] <<< [apiv2][body] GET https://firebase.googleapis.com/v1beta1/projects [omitted]
[info] i  Using project to-do-app-nextjs (to-do-app-nextJS) 
[info] 
=== Hosting Setup
[info] 
[info] Your public directory is the folder (relative to your project directory) that
[info] will contain Hosting assets to be uploaded with firebase deploy. If you
[info] have a build process for your assets, use your build's output directory.
[info] 
